<?xml version="1.0" encoding="UTF-8"?>
<!-- Generated by org.testng.reporters.JUnitXMLReporter -->
<testsuite ignored="0" hostname="DESKTOP-0VG4TTE" failures="0" tests="3" name="Default test" time="0.232" errors="0" timestamp="2022-04-24T14:24:07 IST">
  <testcase classname="com.phptravels.scripts.TestBase" name="@BeforeTest onSetup" time="-1.65079044695E9">
    <failure type="org.testng.TestNGException" message="
Parameter &amp;apos;browser&amp;apos; is required by BeforeTest on method onSetup but has not been marked @Optional or defined
in C:\Users\annja\AppData\Local\Temp\testng-eclipse-1085708506\testng-customsuite.xml">
      <![CDATA[org.testng.TestNGException: 
Parameter 'browser' is required by BeforeTest on method onSetup but has not been marked @Optional or defined
in C:\Users\annja\AppData\Local\Temp\testng-eclipse-1085708506\testng-customsuite.xml
at org.testng.internal.Parameters.createParams(Parameters.java:270)
at org.testng.internal.Parameters.createParametersForMethod(Parameters.java:358)
at org.testng.internal.Parameters.createParameters(Parameters.java:700)
at org.testng.internal.Parameters.createConfigurationParameters(Parameters.java:168)
at org.testng.internal.ConfigInvoker.invokeConfigurations(ConfigInvoker.java:302)
at org.testng.TestRunner.invokeTestConfigurations(TestRunner.java:637)
at org.testng.TestRunner.beforeRun(TestRunner.java:627)
at org.testng.TestRunner.run(TestRunner.java:589)
at org.testng.SuiteRunner.runTest(SuiteRunner.java:377)
at org.testng.SuiteRunner.runSequentially(SuiteRunner.java:371)
at org.testng.SuiteRunner.privateRun(SuiteRunner.java:332)
at org.testng.SuiteRunner.run(SuiteRunner.java:276)
at org.testng.SuiteRunnerWorker.runSuite(SuiteRunnerWorker.java:53)
at org.testng.SuiteRunnerWorker.run(SuiteRunnerWorker.java:96)
at org.testng.TestNG.runSuitesSequentially(TestNG.java:1212)
at org.testng.TestNG.runSuitesLocally(TestNG.java:1134)
at org.testng.TestNG.runSuites(TestNG.java:1063)
at org.testng.TestNG.run(TestNG.java:1031)
at org.testng.remote.AbstractRemoteTestNG.run(AbstractRemoteTestNG.java:115)
at org.testng.remote.RemoteTestNG.initAndRun(RemoteTestNG.java:251)
at org.testng.remote.RemoteTestNG.main(RemoteTestNG.java:77)
]]>
    </failure>
  </testcase> <!-- @BeforeTest onSetup -->
  <testcase classname="com.phptravels.scripts.TestBase" name="@AfterMethod tearDown" time="-1.650790447083E9">
    <skipped/>
  </testcase> <!-- @AfterMethod tearDown -->
  <testcase classname="com.phptravels.scripts.TestBase" name="@AfterMethod tearDown" time="-1.650790447117E9">
    <skipped/>
  </testcase> <!-- @AfterMethod tearDown -->
  <testcase classname="com.phptravels.scripts.TestBase" name="@AfterMethod tearDown" time="-1.650790447146E9">
    <skipped/>
  </testcase> <!-- @AfterMethod tearDown -->
  <testcase classname="com.phptravels.scripts.TestBase" name="@AfterClass closeBrowser" time="-1.65079044715E9">
    <skipped/>
  </testcase> <!-- @AfterClass closeBrowser -->
  <testcase classname="com.phptravels.scripts.TestBase" name="@AfterTest quitBrowser" time="-1.65079044716E9">
    <skipped/>
  </testcase> <!-- @AfterTest quitBrowser -->
  <testcase classname="com.phptravels.scripts.TCSupplier" name="verifyHomePage" time="0.0">
    <skipped/>
  </testcase> <!-- verifyHomePage -->
  <testcase classname="com.phptravels.scripts.TCSupplier" name="verifySupplierFE" time="0.0">
    <skipped/>
  </testcase> <!-- verifySupplierFE -->
  <testcase classname="com.phptravels.scripts.TCSupplier" name="verifyNullSFLogin" time="0.0">
    <skipped/>
  </testcase> <!-- verifyNullSFLogin -->
</testsuite> <!-- Default test -->
