<?xml version="1.0" encoding="UTF-8"?>
<!-- Generated by org.testng.reporters.JUnitXMLReporter -->
<testsuite ignored="5" hostname="DESKTOP-0VG4TTE" failures="3" tests="45" name="Test" time="378.018" errors="0" timestamp="2022-04-29T12:06:50 IST">
  <testcase classname="com.phptravels.scripts.TCCustomer" name="verifyHomePage" time="0.298"/>
  <testcase classname="com.phptravels.scripts.TCCustomer" name="verifyCustomerFE" time="4.871"/>
  <testcase classname="com.phptravels.scripts.TCCustomer" name="verifyNullCFLogin" time="4.307"/>
  <testcase classname="com.phptravels.scripts.TCCustomer" name="verifyInvalidCFEmail" time="16.513"/>
  <testcase classname="com.phptravels.scripts.TCCustomer" name="verifyInvalidCFPass" time="9.57"/>
  <testcase classname="com.phptravels.scripts.TCCustomer" name="verifyvalidCFLogin" time="7.408"/>
  <testcase classname="com.phptravels.scripts.TCCustomer" name="verifyMyBookings" time="5.007"/>
  <testcase classname="com.phptravels.scripts.TCCustomer" name="verifyVoucher" time="30.076">
    <failure type="org.openqa.selenium.NoSuchElementException" message="no such element: Unable to locate element: {&amp;quot;method&amp;quot;:&amp;quot;css selector&amp;quot;,&amp;quot;selector&amp;quot;:&amp;quot;i[class*=&amp;apos;la la-eye&amp;apos;]&amp;quot;}
  (Session info: chrome=100.0.4896.127)
For documentation on this error, please visit: https://www.seleniumhq.org/exceptions/no_such_element.html
Build info: version: &amp;apos;3.141.59&amp;apos;, revision: &amp;apos;e82be7d358&amp;apos;, time: &amp;apos;2018-11-14T08:17:03&amp;apos;
System info: host: &amp;apos;DESKTOP-0VG4TTE&amp;apos;, ip: &amp;apos;172.20.16.36&amp;apos;, os.name: &amp;apos;Windows 10&amp;apos;, os.arch: &amp;apos;amd64&amp;apos;, os.version: &amp;apos;10.0&amp;apos;, java.version: &amp;apos;16.0.2&amp;apos;
Driver info: org.openqa.selenium.chrome.ChromeDriver
Capabilities {acceptInsecureCerts: false, browserName: chrome, browserVersion: 100.0.4896.127, chrome: {chromedriverVersion: 100.0.4896.60 (6a5d10861ce8..., userDataDir: C:\Users\annja\AppData\Loca...}, goog:chromeOptions: {debuggerAddress: localhost:52218}, javascriptEnabled: true, networkConnectionEnabled: false, pageLoadStrategy: normal, platform: WINDOWS, platformName: WINDOWS, proxy: Proxy(), setWindowRect: true, strictFileInteractability: false, timeouts: {implicit: 0, pageLoad: 300000, script: 30000}, unhandledPromptBehavior: dismiss and notify, webauthn:extension:credBlob: true, webauthn:extension:largeBlob: true, webauthn:virtualAuthenticators: true}
Session ID: 4a5e15bd6f7fa373c6d3dbb67d08f62f
*** Element info: {Using=css selector, value=i[class*=&amp;apos;la la-eye&amp;apos;]}">
      <![CDATA[org.openqa.selenium.NoSuchElementException: no such element: Unable to locate element: {"method":"css selector","selector":"i[class*='la la-eye']"}
  (Session info: chrome=100.0.4896.127)
For documentation on this error, please visit: https://www.seleniumhq.org/exceptions/no_such_element.html
Build info: version: '3.141.59', revision: 'e82be7d358', time: '2018-11-14T08:17:03'
System info: host: 'DESKTOP-0VG4TTE', ip: '172.20.16.36', os.name: 'Windows 10', os.arch: 'amd64', os.version: '10.0', java.version: '16.0.2'
Driver info: org.openqa.selenium.chrome.ChromeDriver
Capabilities {acceptInsecureCerts: false, browserName: chrome, browserVersion: 100.0.4896.127, chrome: {chromedriverVersion: 100.0.4896.60 (6a5d10861ce8..., userDataDir: C:\Users\annja\AppData\Loca...}, goog:chromeOptions: {debuggerAddress: localhost:52218}, javascriptEnabled: true, networkConnectionEnabled: false, pageLoadStrategy: normal, platform: WINDOWS, platformName: WINDOWS, proxy: Proxy(), setWindowRect: true, strictFileInteractability: false, timeouts: {implicit: 0, pageLoad: 300000, script: 30000}, unhandledPromptBehavior: dismiss and notify, webauthn:extension:credBlob: true, webauthn:extension:largeBlob: true, webauthn:virtualAuthenticators: true}
Session ID: 4a5e15bd6f7fa373c6d3dbb67d08f62f
*** Element info: {Using=css selector, value=i[class*='la la-eye']}
at org.openqa.selenium.remote.http.W3CHttpResponseCodec.createException(W3CHttpResponseCodec.java:187)
at org.openqa.selenium.remote.http.W3CHttpResponseCodec.decode(W3CHttpResponseCodec.java:122)
at org.openqa.selenium.remote.http.W3CHttpResponseCodec.decode(W3CHttpResponseCodec.java:49)
at org.openqa.selenium.remote.HttpCommandExecutor.execute(HttpCommandExecutor.java:158)
at org.openqa.selenium.remote.service.DriverCommandExecutor.execute(DriverCommandExecutor.java:83)
at org.openqa.selenium.remote.RemoteWebDriver.execute(RemoteWebDriver.java:552)
at org.openqa.selenium.remote.RemoteWebDriver.findElement(RemoteWebDriver.java:323)
at org.openqa.selenium.remote.RemoteWebDriver.findElementByCssSelector(RemoteWebDriver.java:420)
at org.openqa.selenium.By$ByCssSelector.findElement(By.java:431)
at org.openqa.selenium.remote.RemoteWebDriver.findElement(RemoteWebDriver.java:315)
at org.openqa.selenium.support.pagefactory.DefaultElementLocator.findElement(DefaultElementLocator.java:69)
at org.openqa.selenium.support.pagefactory.internal.LocatingElementHandler.invoke(LocatingElementHandler.java:38)
at jdk.proxy2/jdk.proxy2.$Proxy15.click(Unknown Source)
at com.phptravels.pages.Customer.clickVoucher(Customer.java:97)
at com.phptravels.scripts.TCCustomer.verifyVoucher(TCCustomer.java:133)
at java.base/java.util.ArrayList.forEach(ArrayList.java:1511)
... Removed 32 stack frames]]>
    </failure>
  </testcase> <!-- verifyVoucher -->
  <testcase classname="com.phptravels.scripts.TCCustomer" name="verifyAddFunds" time="4.776"/>
  <testcase classname="com.phptravels.scripts.TCCustomer" name="verifyPaybyPayPal" time="8.227"/>
  <testcase classname="com.phptravels.scripts.TCCustomer" name="verifyMyProfile" time="13.523"/>
  <testcase classname="com.phptravels.scripts.TCCustomer" name="verifyAddress" time="5.976"/>
  <testcase classname="com.phptravels.scripts.TCCustomer" name="verifyLogout" time="3.786"/>
  <testcase classname="com.phptravels.scripts.TCAgent" name="verifyHomePage" time="0.061"/>
  <testcase classname="com.phptravels.scripts.TCAgent" name="verifyAgentFE" time="7.459"/>
  <testcase classname="com.phptravels.scripts.TCAgent" name="verifyNullCFLogin" time="3.594"/>
  <testcase classname="com.phptravels.scripts.TCAgent" name="verifyInvalidAFEmail" time="9.374"/>
  <testcase classname="com.phptravels.scripts.TCAgent" name="verifyInvalidAFPass" time="6.672"/>
  <testcase classname="com.phptravels.scripts.TCAgent" name="verifyValidAFLogin" time="6.591"/>
  <testcase classname="com.phptravels.scripts.TCAgent" name="verifyAFMyBookings" time="5.635"/>
  <testcase classname="com.phptravels.scripts.TCAgent" name="verifyAFAddFunds" time="5.688"/>
  <testcase classname="com.phptravels.scripts.TCAgent" name="verifyAFMyProfile" time="5.078"/>
  <testcase classname="com.phptravels.scripts.TCAgent" name="verifyAFHome" time="8.168"/>
  <testcase classname="com.phptravels.scripts.TCAgent" name="verifyAFHotels" time="6.19"/>
  <testcase classname="com.phptravels.scripts.TCAgent" name="verifyAFHotelsbyCity" time="11.591">
    <failure type="java.lang.AssertionError" message="expected [PHPTRAVELS | Travel Technology Partner - PHPTRAVELS] but found [Hotels in dubai - PHPTRAVELS]">
      <![CDATA[java.lang.AssertionError: expected [PHPTRAVELS | Travel Technology Partner - PHPTRAVELS] but found [Hotels in dubai - PHPTRAVELS]
at com.phptravels.scripts.TCAgent.verifyAFHotelsbyCity(TCAgent.java:186)
at java.base/java.util.ArrayList.forEach(ArrayList.java:1511)
... Removed 33 stack frames]]>
    </failure>
  </testcase> <!-- verifyAFHotelsbyCity -->
  <testcase classname="com.phptravels.scripts.TCAgent" name="verifyAFFlights" time="7.579"/>
  <testcase classname="com.phptravels.scripts.TCAgent" name="verifyAFTours" time="9.644"/>
  <testcase classname="com.phptravels.scripts.TCAgent" name="verifyAFVisa" time="11.294"/>
  <testcase classname="com.phptravels.scripts.TCAgent" name="verifyAFBlog" time="23.792"/>
  <testcase classname="com.phptravels.scripts.TCAgent" name="verifyAFOffers" time="6.702"/>
  <testcase classname="com.phptravels.scripts.TCAgent" name="verifyCurrency" time="10.818"/>
  <testcase classname="com.phptravels.scripts.TCAgent" name="verifyAFLogout" time="8.593"/>
  <testcase classname="com.phptravels.scripts.TCSupplier" name="verifyHomePage" time="0.057"/>
  <testcase classname="com.phptravels.scripts.TCSupplier" name="verifySupplierFE" time="12.521"/>
  <testcase classname="com.phptravels.scripts.TCSupplier" name="verifyNullSFLogin" time="3.968"/>
  <testcase classname="com.phptravels.scripts.TCSupplier" name="verifyInvalidSFEmail" time="7.972"/>
  <testcase classname="com.phptravels.scripts.TCSupplier" name="verifyInvalidSFPass" time="8.349"/>
  <testcase classname="com.phptravels.scripts.TCSupplier" name="verifValidSupplierFE" time="11.417"/>
  <testcase classname="com.phptravels.scripts.TCSupplier" name="verifySalesOverview" time="0.168"/>
  <testcase classname="com.phptravels.scripts.TCSupplier" name="verifyRevenueBD" time="0.217"/>
  <testcase classname="com.phptravels.scripts.TCSupplier" name="verifyTours" time="0.081"/>
  <testcase classname="com.phptravels.scripts.TCSupplier" name="verifyBookings" time="0.112"/>
  <testcase classname="com.phptravels.scripts.TCSupplier" name="verifyVisa" time="0.249"/>
  <testcase classname="com.phptravels.scripts.TCSupplier" name="verifyFlight" time="0.209"/>
  <testcase classname="com.phptravels.scripts.TCSupplier" name="verifyConfirmedBookings" time="37.11">
    <failure type="org.openqa.selenium.NoSuchElementException" message="no such element: Unable to locate element: {&amp;quot;method&amp;quot;:&amp;quot;css selector&amp;quot;,&amp;quot;selector&amp;quot;:&amp;quot;#booking_status&amp;quot;}
  (Session info: chrome=100.0.4896.127)
For documentation on this error, please visit: https://www.seleniumhq.org/exceptions/no_such_element.html
Build info: version: &amp;apos;3.141.59&amp;apos;, revision: &amp;apos;e82be7d358&amp;apos;, time: &amp;apos;2018-11-14T08:17:03&amp;apos;
System info: host: &amp;apos;DESKTOP-0VG4TTE&amp;apos;, ip: &amp;apos;172.20.16.36&amp;apos;, os.name: &amp;apos;Windows 10&amp;apos;, os.arch: &amp;apos;amd64&amp;apos;, os.version: &amp;apos;10.0&amp;apos;, java.version: &amp;apos;16.0.2&amp;apos;
Driver info: org.openqa.selenium.chrome.ChromeDriver
Capabilities {acceptInsecureCerts: false, browserName: chrome, browserVersion: 100.0.4896.127, chrome: {chromedriverVersion: 100.0.4896.60 (6a5d10861ce8..., userDataDir: C:\Users\annja\AppData\Loca...}, goog:chromeOptions: {debuggerAddress: localhost:52218}, javascriptEnabled: true, networkConnectionEnabled: false, pageLoadStrategy: normal, platform: WINDOWS, platformName: WINDOWS, proxy: Proxy(), setWindowRect: true, strictFileInteractability: false, timeouts: {implicit: 0, pageLoad: 300000, script: 30000}, unhandledPromptBehavior: dismiss and notify, webauthn:extension:credBlob: true, webauthn:extension:largeBlob: true, webauthn:virtualAuthenticators: true}
Session ID: 4a5e15bd6f7fa373c6d3dbb67d08f62f
*** Element info: {Using=id, value=booking_status}">
      <![CDATA[org.openqa.selenium.NoSuchElementException: no such element: Unable to locate element: {"method":"css selector","selector":"#booking_status"}
  (Session info: chrome=100.0.4896.127)
For documentation on this error, please visit: https://www.seleniumhq.org/exceptions/no_such_element.html
Build info: version: '3.141.59', revision: 'e82be7d358', time: '2018-11-14T08:17:03'
System info: host: 'DESKTOP-0VG4TTE', ip: '172.20.16.36', os.name: 'Windows 10', os.arch: 'amd64', os.version: '10.0', java.version: '16.0.2'
Driver info: org.openqa.selenium.chrome.ChromeDriver
Capabilities {acceptInsecureCerts: false, browserName: chrome, browserVersion: 100.0.4896.127, chrome: {chromedriverVersion: 100.0.4896.60 (6a5d10861ce8..., userDataDir: C:\Users\annja\AppData\Loca...}, goog:chromeOptions: {debuggerAddress: localhost:52218}, javascriptEnabled: true, networkConnectionEnabled: false, pageLoadStrategy: normal, platform: WINDOWS, platformName: WINDOWS, proxy: Proxy(), setWindowRect: true, strictFileInteractability: false, timeouts: {implicit: 0, pageLoad: 300000, script: 30000}, unhandledPromptBehavior: dismiss and notify, webauthn:extension:credBlob: true, webauthn:extension:largeBlob: true, webauthn:virtualAuthenticators: true}
Session ID: 4a5e15bd6f7fa373c6d3dbb67d08f62f
*** Element info: {Using=id, value=booking_status}
at org.openqa.selenium.remote.http.W3CHttpResponseCodec.createException(W3CHttpResponseCodec.java:187)
at org.openqa.selenium.remote.http.W3CHttpResponseCodec.decode(W3CHttpResponseCodec.java:122)
at org.openqa.selenium.remote.http.W3CHttpResponseCodec.decode(W3CHttpResponseCodec.java:49)
at org.openqa.selenium.remote.HttpCommandExecutor.execute(HttpCommandExecutor.java:158)
at org.openqa.selenium.remote.service.DriverCommandExecutor.execute(DriverCommandExecutor.java:83)
at org.openqa.selenium.remote.RemoteWebDriver.execute(RemoteWebDriver.java:552)
at org.openqa.selenium.remote.RemoteWebDriver.findElement(RemoteWebDriver.java:323)
at org.openqa.selenium.remote.RemoteWebDriver.findElementById(RemoteWebDriver.java:372)
at org.openqa.selenium.By$ById.findElement(By.java:188)
at org.openqa.selenium.remote.RemoteWebDriver.findElement(RemoteWebDriver.java:315)
at org.openqa.selenium.support.pagefactory.DefaultElementLocator.findElement(DefaultElementLocator.java:69)
at org.openqa.selenium.support.pagefactory.internal.LocatingElementHandler.invoke(LocatingElementHandler.java:38)
at jdk.proxy2/jdk.proxy2.$Proxy15.getTagName(Unknown Source)
at org.openqa.selenium.support.ui.Select.<init>(Select.java:45)
at com.phptravels.pages.Supplier.statusDrpdn(Supplier.java:117)
at com.phptravels.scripts.TCSupplier.verifyConfirmedBookings(TCSupplier.java:213)
at java.base/java.util.ArrayList.forEach(ArrayList.java:1511)
... Removed 32 stack frames]]>
    </failure>
  </testcase> <!-- verifyConfirmedBookings -->
  <testcase classname="com.phptravels.scripts.TestBase" name="@AfterTest quitBrowser" time="0.0">
    <ignored/>
  </testcase> <!-- @AfterTest quitBrowser -->
  <testcase classname="com.phptravels.scripts.TestBase" name="@AfterTest quitBrowser" time="0.0">
    <ignored/>
  </testcase> <!-- @AfterTest quitBrowser -->
  <testcase classname="com.phptravels.scripts.TestBase" name="@BeforeTest onSetup" time="0.0">
    <ignored/>
  </testcase> <!-- @BeforeTest onSetup -->
  <testcase classname="com.phptravels.scripts.TestBase" name="@BeforeTest onSetup" time="0.0">
    <ignored/>
  </testcase> <!-- @BeforeTest onSetup -->
  <testcase classname="com.phptravels.scripts.TCCustomer" name="verifyPayPal" time="0.0">
    <ignored/>
  </testcase> <!-- verifyPayPal -->
</testsuite> <!-- Test -->
